app/build/outputs/logs/manifest-merger-release-report.txt
-- Merging decision tree log ---
manifest
ADDED from src/main/AndroidManifest.xml:1:1-50:12
	package
		ADDED from src/main/AndroidManifest.xml:2:5-36
		INJECTED from src/main/AndroidManifest.xml
		INJECTED from src/main/AndroidManifest.xml
	android:versionName
		ADDED from src/main/AndroidManifest.xml:4:5-30
		INJECTED from src/main/AndroidManifest.xml
		INJECTED from src/main/AndroidManifest.xml
	android:versionCode
		ADDED from src/main/AndroidManifest.xml:3:5-28
		INJECTED from src/main/AndroidManifest.xml
		INJECTED from src/main/AndroidManifest.xml
	xmlns:android
		ADDED from src/main/AndroidManifest.xml:1:11-69
uses-sdk
ADDED from src/main/AndroidManifest.xml:6:5-8:41
	android:targetSdkVersion
		ADDED from src/main/AndroidManifest.xml:8:9-38
		INJECTED from src/main/AndroidManifest.xml
		INJECTED from src/main/AndroidManifest.xml
	android:minSdkVersion
		ADDED from src/main/AndroidManifest.xml:7:9-35
		INJECTED from src/main/AndroidManifest.xml
		INJECTED from src/main/AndroidManifest.xml
uses-permission#android.permission.NFC
ADDED from src/main/AndroidManifest.xml:10:5-62
	android:name
		ADDED from src/main/AndroidManifest.xml:10:22-59
application
ADDED from src/main/AndroidManifest.xml:12:5-48:19
	android:label
		ADDED from src/main/AndroidManifest.xml:14:9-41
	android:icon
		ADDED from src/main/AndroidManifest.xml:13:9-45
	android:theme
		ADDED from src/main/AndroidManifest.xml:15:9-40
activity#org.nick.nfc.seaccess.MainActivity
ADDED from src/main/AndroidManifest.xml:21:9-30:20
	android:label
		ADDED from src/main/AndroidManifest.xml:24:13-56
	android:configChanges
		ADDED from src/main/AndroidManifest.xml:23:13-122
	android:name
		ADDED from src/main/AndroidManifest.xml:22:13-41
intent-filter#android.intent.action.MAIN+android.intent.category.LAUNCHER
ADDED from src/main/AndroidManifest.xml:25:13-29:29
action#android.intent.action.MAIN
ADDED from src/main/AndroidManifest.xml:26:17-69
	android:name
		ADDED from src/main/AndroidManifest.xml:26:25-66
category#android.intent.category.LAUNCHER
ADDED from src/main/AndroidManifest.xml:28:17-77
	android:name
		ADDED from src/main/AndroidManifest.xml:28:27-74
receiver#org.nick.nfc.seaccess.SEReceiver
ADDED from src/main/AndroidManifest.xml:32:9-43:20
	android:name
		ADDED from src/main/AndroidManifest.xml:32:19-45
intent-filter#android.intent.action.MASTER_CLEAR_NOTIFICATION+com.android.nfc.action.INTERNAL_TARGET_DESELECTED+com.android.nfc_extras.action.AID_SELECTED+com.android.nfc_extras.action.APDU_RECEIVED+com.android.nfc_extras.action.EMV_CARD_REMOVAL+com.android.nfc_extras.action.MIFARE_ACCESS_DETECTED+com.android.nfc_extras.action.RF_FIELD_OFF_DETECTED+com.android.nfc_extras.action.RF_FIELD_ON_DETECTED
ADDED from src/main/AndroidManifest.xml:33:13-42:29
action#com.android.nfc_extras.action.AID_SELECTED
ADDED from src/main/AndroidManifest.xml:34:17-85
	android:name
		ADDED from src/main/AndroidManifest.xml:34:25-82
action#com.android.nfc_extras.action.APDU_RECEIVED
ADDED from src/main/AndroidManifest.xml:35:17-86
	android:name
		ADDED from src/main/AndroidManifest.xml:35:25-83
action#com.android.nfc_extras.action.MIFARE_ACCESS_DETECTED
ADDED from src/main/AndroidManifest.xml:36:17-95
	android:name
		ADDED from src/main/AndroidManifest.xml:36:25-92
action#android.intent.action.MASTER_CLEAR_NOTIFICATION
ADDED from src/main/AndroidManifest.xml:37:17-90
	android:name
		ADDED from src/main/AndroidManifest.xml:37:25-87
action#com.android.nfc_extras.action.RF_FIELD_ON_DETECTED
ADDED from src/main/AndroidManifest.xml:38:17-93
	android:name
		ADDED from src/main/AndroidManifest.xml:38:25-90
action#com.android.nfc_extras.action.RF_FIELD_OFF_DETECTED
ADDED from src/main/AndroidManifest.xml:39:17-94
	android:name
		ADDED from src/main/AndroidManifest.xml:39:25-91
action#com.android.nfc_extras.action.EMV_CARD_REMOVAL
ADDED from src/main/AndroidManifest.xml:40:17-89
	android:name
		ADDED from src/main/AndroidManifest.xml:40:25-86
action#com.android.nfc.action.INTERNAL_TARGET_DESELECTED
ADDED from src/main/AndroidManifest.xml:41:17-92
	android:name
		ADDED from src/main/AndroidManifest.xml:41:25-89
uses-library#com.android.nfc_extras
ADDED from src/main/AndroidManifest.xml:45:9-47:39
	android:required
		ADDED from src/main/AndroidManifest.xml:47:13-36
	android:name
		ADDED from src/main/AndroidManifest.xml:46:13-50